2024/09/17 18:09:55 [notice] 1#1: using the "epoll" event method
2024/09/17 18:09:55 [notice] 1#1: nginx/1.27.1
2024/09/17 18:09:55 [notice] 1#1: built by gcc 12.2.0 (Debian 12.2.0-14) 
2024/09/17 18:09:55 [notice] 1#1: OS: Linux 5.15.153.1-microsoft-standard-WSL2
2024/09/17 18:09:55 [notice] 1#1: getrlimit(RLIMIT_NOFILE): 1048576:1048576
2024/09/17 18:09:55 [notice] 1#1: start worker processes
2024/09/17 18:09:55 [notice] 1#1: start worker process 27
2024/09/17 18:09:55 [notice] 1#1: start worker process 28
2024/09/17 18:09:55 [notice] 1#1: start worker process 29
2024/09/17 18:09:55 [notice] 1#1: start worker process 30
2024/09/17 18:09:55 [notice] 1#1: start worker process 31
2024/09/17 18:09:55 [notice] 1#1: start worker process 32
2024/09/17 18:09:55 [notice] 1#1: start worker process 33
2024/09/17 18:09:55 [notice] 1#1: start worker process 34
2024/09/17 18:10:14 [error] 28#28: *2 open() "/etc/nginx/.htpasswd" failed (2: No such file or directory), client: 172.19.0.1, server: , request: "GET / HTTP/1.1", host: "localhost"
2024/09/17 18:10:14 [error] 28#28: *2 open() "/etc/nginx/.htpasswd" failed (2: No such file or directory), client: 172.19.0.1, server: , request: "GET /favicon.ico HTTP/1.1", host: "localhost", referrer: "http://localhost/"
2024/09/17 18:10:40 [error] 28#28: *2 open() "/etc/nginx/.htpasswd" failed (2: No such file or directory), client: 172.19.0.1, server: , request: "GET / HTTP/1.1", host: "localhost"
2024/09/17 18:10:40 [error] 28#28: *2 open() "/etc/nginx/.htpasswd" failed (2: No such file or directory), client: 172.19.0.1, server: , request: "GET /favicon.ico HTTP/1.1", host: "localhost", referrer: "http://localhost/"
2024/09/17 18:10:51 [error] 29#29: *3 open() "/etc/nginx/.htpasswd" failed (2: No such file or directory), client: 172.19.0.1, server: , request: "GET / HTTP/1.1", host: "localhost"
2024/09/17 18:10:51 [error] 29#29: *3 open() "/etc/nginx/.htpasswd" failed (2: No such file or directory), client: 172.19.0.1, server: , request: "GET /favicon.ico HTTP/1.1", host: "localhost", referrer: "http://localhost/"
2024/09/17 18:10:55 [error] 29#29: *3 open() "/etc/nginx/.htpasswd" failed (2: No such file or directory), client: 172.19.0.1, server: , request: "GET /red HTTP/1.1", host: "localhost"
2024/09/17 18:10:55 [error] 29#29: *3 open() "/etc/nginx/.htpasswd" failed (2: No such file or directory), client: 172.19.0.1, server: , request: "GET /favicon.ico HTTP/1.1", host: "localhost", referrer: "http://localhost/red"
2024/09/17 18:11:46 [notice] 1#1: signal 3 (SIGQUIT) received, shutting down
2024/09/17 18:11:46 [notice] 27#27: gracefully shutting down
2024/09/17 18:11:46 [notice] 27#27: exiting
2024/09/17 18:11:46 [notice] 28#28: gracefully shutting down
2024/09/17 18:11:46 [notice] 28#28: exiting
2024/09/17 18:11:46 [notice] 29#29: gracefully shutting down
2024/09/17 18:11:46 [notice] 30#30: gracefully shutting down
2024/09/17 18:11:46 [notice] 31#31: gracefully shutting down
2024/09/17 18:11:46 [notice] 32#32: gracefully shutting down
2024/09/17 18:11:46 [notice] 33#33: gracefully shutting down
2024/09/17 18:11:46 [notice] 34#34: gracefully shutting down
2024/09/17 18:11:46 [notice] 27#27: exit
2024/09/17 18:11:46 [notice] 28#28: exit
2024/09/17 18:11:46 [notice] 29#29: exiting
2024/09/17 18:11:46 [notice] 29#29: exit
2024/09/17 18:11:46 [notice] 30#30: exiting
2024/09/17 18:11:46 [notice] 31#31: exiting
2024/09/17 18:11:46 [notice] 32#32: exiting
2024/09/17 18:11:46 [notice] 33#33: exiting
2024/09/17 18:11:46 [notice] 34#34: exiting
2024/09/17 18:11:46 [notice] 30#30: exit
2024/09/17 18:11:46 [notice] 31#31: exit
2024/09/17 18:11:46 [notice] 32#32: exit
2024/09/17 18:11:46 [notice] 33#33: exit
2024/09/17 18:11:46 [notice] 34#34: exit
2024/09/17 18:11:46 [notice] 1#1: signal 17 (SIGCHLD) received from 33
2024/09/17 18:11:46 [notice] 1#1: worker process 27 exited with code 0
2024/09/17 18:11:46 [notice] 1#1: worker process 28 exited with code 0
2024/09/17 18:11:46 [notice] 1#1: worker process 29 exited with code 0
2024/09/17 18:11:46 [notice] 1#1: worker process 32 exited with code 0
2024/09/17 18:11:46 [notice] 1#1: worker process 33 exited with code 0
2024/09/17 18:11:46 [notice] 1#1: worker process 34 exited with code 0
2024/09/17 18:11:46 [notice] 1#1: signal 29 (SIGIO) received
2024/09/17 18:11:46 [notice] 1#1: signal 17 (SIGCHLD) received from 29
2024/09/17 18:11:46 [notice] 1#1: signal 17 (SIGCHLD) received from 30
2024/09/17 18:11:46 [notice] 1#1: worker process 30 exited with code 0
2024/09/17 18:11:46 [notice] 1#1: signal 29 (SIGIO) received
2024/09/17 18:11:46 [notice] 1#1: signal 17 (SIGCHLD) received from 31
2024/09/17 18:11:46 [notice] 1#1: worker process 31 exited with code 0
2024/09/17 18:11:46 [notice] 1#1: exit
2024/09/17 18:11:47 [notice] 1#1: using the "epoll" event method
2024/09/17 18:11:47 [notice] 1#1: nginx/1.27.1
2024/09/17 18:11:47 [notice] 1#1: built by gcc 12.2.0 (Debian 12.2.0-14) 
2024/09/17 18:11:47 [notice] 1#1: OS: Linux 5.15.153.1-microsoft-standard-WSL2
2024/09/17 18:11:47 [notice] 1#1: getrlimit(RLIMIT_NOFILE): 1048576:1048576
2024/09/17 18:11:47 [notice] 1#1: start worker processes
2024/09/17 18:11:47 [notice] 1#1: start worker process 28
2024/09/17 18:11:47 [notice] 1#1: start worker process 29
2024/09/17 18:11:47 [notice] 1#1: start worker process 30
2024/09/17 18:11:47 [notice] 1#1: start worker process 31
2024/09/17 18:11:47 [notice] 1#1: start worker process 32
2024/09/17 18:11:47 [notice] 1#1: start worker process 33
2024/09/17 18:11:47 [notice] 1#1: start worker process 34
2024/09/17 18:11:47 [notice] 1#1: start worker process 35
2024/09/17 18:11:51 [error] 28#28: *1 user "Nando": password mismatch, client: 172.19.0.1, server: , request: "GET / HTTP/1.1", host: "localhost"
2024/09/17 18:11:54 [error] 28#28: *1 user "Nando": password mismatch, client: 172.19.0.1, server: , request: "GET / HTTP/1.1", host: "localhost"
2024/09/17 18:11:58 [error] 28#28: *1 user "Nando": password mismatch, client: 172.19.0.1, server: , request: "GET / HTTP/1.1", host: "localhost"
2024/09/17 18:27:54 [notice] 1#1: signal 3 (SIGQUIT) received, shutting down
2024/09/17 18:27:54 [notice] 28#28: gracefully shutting down
2024/09/17 18:27:54 [notice] 29#29: gracefully shutting down
2024/09/17 18:27:54 [notice] 30#30: gracefully shutting down
2024/09/17 18:27:54 [notice] 32#32: gracefully shutting down
2024/09/17 18:27:54 [notice] 32#32: exiting
2024/09/17 18:27:54 [notice] 31#31: gracefully shutting down
2024/09/17 18:27:54 [notice] 34#34: gracefully shutting down
2024/09/17 18:27:54 [notice] 35#35: gracefully shutting down
2024/09/17 18:27:54 [notice] 33#33: gracefully shutting down
2024/09/17 18:27:54 [notice] 28#28: exiting
2024/09/17 18:27:54 [notice] 29#29: exiting
2024/09/17 18:27:54 [notice] 30#30: exiting
2024/09/17 18:27:54 [notice] 32#32: exit
2024/09/17 18:27:54 [notice] 31#31: exiting
2024/09/17 18:27:54 [notice] 34#34: exiting
2024/09/17 18:27:54 [notice] 35#35: exiting
2024/09/17 18:27:54 [notice] 33#33: exiting
2024/09/17 18:27:54 [notice] 28#28: exit
2024/09/17 18:27:54 [notice] 29#29: exit
2024/09/17 18:27:54 [notice] 30#30: exit
2024/09/17 18:27:54 [notice] 31#31: exit
2024/09/17 18:27:54 [notice] 34#34: exit
2024/09/17 18:27:54 [notice] 35#35: exit
2024/09/17 18:27:54 [notice] 33#33: exit
2024/09/17 18:27:54 [notice] 1#1: signal 17 (SIGCHLD) received from 31
2024/09/17 18:27:54 [notice] 1#1: worker process 31 exited with code 0
2024/09/17 18:27:54 [notice] 1#1: worker process 32 exited with code 0
2024/09/17 18:27:54 [notice] 1#1: worker process 33 exited with code 0
2024/09/17 18:27:54 [notice] 1#1: signal 29 (SIGIO) received
2024/09/17 18:27:54 [notice] 1#1: signal 17 (SIGCHLD) received from 32
2024/09/17 18:27:54 [notice] 1#1: signal 17 (SIGCHLD) received from 30
2024/09/17 18:27:54 [notice] 1#1: worker process 30 exited with code 0
2024/09/17 18:27:54 [notice] 1#1: signal 29 (SIGIO) received
2024/09/17 18:27:54 [notice] 1#1: signal 17 (SIGCHLD) received from 35
2024/09/17 18:27:54 [notice] 1#1: worker process 28 exited with code 0
2024/09/17 18:27:54 [notice] 1#1: worker process 35 exited with code 0
2024/09/17 18:27:54 [notice] 1#1: signal 29 (SIGIO) received
2024/09/17 18:27:54 [notice] 1#1: signal 17 (SIGCHLD) received from 29
2024/09/17 18:27:54 [notice] 1#1: worker process 29 exited with code 0
2024/09/17 18:27:54 [notice] 1#1: worker process 34 exited with code 0
2024/09/17 18:27:54 [notice] 1#1: exit
2024/09/17 18:28:20 [notice] 1#1: using the "epoll" event method
2024/09/17 18:28:20 [notice] 1#1: nginx/1.27.1
2024/09/17 18:28:20 [notice] 1#1: built by gcc 12.2.0 (Debian 12.2.0-14) 
2024/09/17 18:28:20 [notice] 1#1: OS: Linux 5.15.153.1-microsoft-standard-WSL2
2024/09/17 18:28:20 [notice] 1#1: getrlimit(RLIMIT_NOFILE): 1048576:1048576
2024/09/17 18:28:20 [notice] 1#1: start worker processes
2024/09/17 18:28:20 [notice] 1#1: start worker process 28
2024/09/17 18:28:20 [notice] 1#1: start worker process 29
2024/09/17 18:28:20 [notice] 1#1: start worker process 30
2024/09/17 18:28:20 [notice] 1#1: start worker process 31
2024/09/17 18:28:20 [notice] 1#1: start worker process 32
2024/09/17 18:28:20 [notice] 1#1: start worker process 33
2024/09/17 18:28:20 [notice] 1#1: start worker process 34
2024/09/17 18:28:20 [notice] 1#1: start worker process 35
2024/09/17 18:30:26 [notice] 1#1: signal 3 (SIGQUIT) received, shutting down
2024/09/17 18:30:26 [notice] 28#28: gracefully shutting down
2024/09/17 18:30:26 [notice] 29#29: gracefully shutting down
2024/09/17 18:30:26 [notice] 30#30: gracefully shutting down
2024/09/17 18:30:26 [notice] 31#31: gracefully shutting down
2024/09/17 18:30:26 [notice] 35#35: gracefully shutting down
2024/09/17 18:30:26 [notice] 33#33: gracefully shutting down
2024/09/17 18:30:26 [notice] 32#32: gracefully shutting down
2024/09/17 18:30:26 [notice] 34#34: gracefully shutting down
2024/09/17 18:30:26 [notice] 28#28: exiting
2024/09/17 18:30:26 [notice] 29#29: exiting
2024/09/17 18:30:26 [notice] 30#30: exiting
2024/09/17 18:30:26 [notice] 31#31: exiting
2024/09/17 18:30:26 [notice] 35#35: exiting
2024/09/17 18:30:26 [notice] 33#33: exiting
2024/09/17 18:30:26 [notice] 32#32: exiting
2024/09/17 18:30:26 [notice] 34#34: exiting
2024/09/17 18:30:26 [notice] 28#28: exit
2024/09/17 18:30:26 [notice] 29#29: exit
2024/09/17 18:30:26 [notice] 30#30: exit
2024/09/17 18:30:26 [notice] 31#31: exit
2024/09/17 18:30:26 [notice] 35#35: exit
2024/09/17 18:30:26 [notice] 33#33: exit
2024/09/17 18:30:26 [notice] 32#32: exit
2024/09/17 18:30:26 [notice] 34#34: exit
2024/09/17 18:30:26 [notice] 1#1: signal 17 (SIGCHLD) received from 29
2024/09/17 18:30:26 [notice] 1#1: worker process 29 exited with code 0
2024/09/17 18:30:26 [notice] 1#1: worker process 33 exited with code 0
2024/09/17 18:30:26 [notice] 1#1: worker process 35 exited with code 0
2024/09/17 18:30:26 [notice] 1#1: signal 29 (SIGIO) received
2024/09/17 18:30:26 [notice] 1#1: signal 17 (SIGCHLD) received from 31
2024/09/17 18:30:26 [notice] 1#1: worker process 28 exited with code 0
2024/09/17 18:30:26 [notice] 1#1: worker process 30 exited with code 0
2024/09/17 18:30:26 [notice] 1#1: worker process 31 exited with code 0
2024/09/17 18:30:26 [notice] 1#1: worker process 34 exited with code 0
2024/09/17 18:30:26 [notice] 1#1: signal 29 (SIGIO) received
2024/09/17 18:30:26 [notice] 1#1: signal 17 (SIGCHLD) received from 32
2024/09/17 18:30:26 [notice] 1#1: worker process 32 exited with code 0
2024/09/17 18:30:26 [notice] 1#1: exit
2024/09/17 18:32:04 [notice] 1#1: using the "epoll" event method
2024/09/17 18:32:04 [notice] 1#1: nginx/1.27.1
2024/09/17 18:32:04 [notice] 1#1: built by gcc 12.2.0 (Debian 12.2.0-14) 
2024/09/17 18:32:04 [notice] 1#1: OS: Linux 5.15.153.1-microsoft-standard-WSL2
2024/09/17 18:32:04 [notice] 1#1: getrlimit(RLIMIT_NOFILE): 1048576:1048576
2024/09/17 18:32:04 [notice] 1#1: start worker processes
2024/09/17 18:32:04 [notice] 1#1: start worker process 28
2024/09/17 18:32:04 [notice] 1#1: start worker process 29
2024/09/17 18:32:04 [notice] 1#1: start worker process 30
2024/09/17 18:32:04 [notice] 1#1: start worker process 31
2024/09/17 18:32:04 [notice] 1#1: start worker process 32
2024/09/17 18:32:04 [notice] 1#1: start worker process 33
2024/09/17 18:32:04 [notice] 1#1: start worker process 34
2024/09/17 18:32:04 [notice] 1#1: start worker process 35
